# JRE version: Java(TM) SE Runtime Environment 18.9 (11.0.10+8) (build 11.0.10+8-LTS-162)
# Java VM: Java HotSpot(TM) 64-Bit Server VM 18.9 (11.0.10+8-LTS-162, mixed mode, tiered, compressed oops, g1 gc, linux-amd64)
Heap:
 garbage-first heap   total 94208K, used 30694K [0x00000000a5200000, 0x0000000100000000)
  region size 1024K, 9 young (9216K), 2 survivors (2048K)
 Metaspace       used 35456K, capacity 36912K, committed 37020K, reserved 1081344K
  class space    used 4626K, capacity 5244K, committed 5272K, reserved 1048576K
GC Heap History (8 events):
Event: 0,440 GC heap before
{Heap before GC invocations=0 (full 0):
 garbage-first heap   total 94208K, used 13312K [0x00000000a5200000, 0x0000000100000000)
  region size 1024K, 14 young (14336K), 0 survivors (0K)
 Metaspace       used 7344K, capacity 7514K, committed 7680K, reserved 1056768K
  class space    used 693K, capacity 768K, committed 768K, reserved 1048576K
}
Event: 0,442 GC heap after
{Heap after GC invocations=1 (full 0):
 garbage-first heap   total 94208K, used 1737K [0x00000000a5200000, 0x0000000100000000)
  region size 1024K, 2 young (2048K), 2 survivors (2048K)
 Metaspace       used 7344K, capacity 7514K, committed 7680K, reserved 1056768K
  class space    used 693K, capacity 768K, committed 768K, reserved 1048576K
}
Event: 2,028 GC heap before
{Heap before GC invocations=1 (full 0):
 garbage-first heap   total 94208K, used 54985K [0x00000000a5200000, 0x0000000100000000)
  region size 1024K, 47 young (48128K), 2 survivors (2048K)
 Metaspace       used 20526K, capacity 21211K, committed 21296K, reserved 1067008K
  class space    used 2605K, capacity 2917K, committed 2944K, reserved 1048576K
}
Event: 2,041 GC heap after
{Heap after GC invocations=2 (full 0):
 garbage-first heap   total 94208K, used 15739K [0x00000000a5200000, 0x0000000100000000)
  region size 1024K, 7 young (7168K), 7 survivors (7168K)
 Metaspace       used 20526K, capacity 21211K, committed 21296K, reserved 1067008K
  class space    used 2605K, capacity 2917K, committed 2944K, reserved 1048576K
}
Event: 8,846 GC heap before
{Heap before GC invocations=3 (full 0):
 garbage-first heap   total 94208K, used 55675K [0x00000000a5200000, 0x0000000100000000)
  region size 1024K, 45 young (46080K), 7 survivors (7168K)
 Metaspace       used 33310K, capacity 34417K, committed 34684K, reserved 1079296K
  class space    used 4238K, capacity 4705K, committed 4812K, reserved 1048576K
}
Event: 8,863 GC heap after
{Heap after GC invocations=4 (full 0):
 garbage-first heap   total 94208K, used 23033K [0x00000000a5200000, 0x0000000100000000)
  region size 1024K, 5 young (5120K), 5 survivors (5120K)
 Metaspace       used 33310K, capacity 34417K, committed 34684K, reserved 1079296K
  class space    used 4238K, capacity 4705K, committed 4812K, reserved 1048576K
}
Event: 9,152 GC heap before
{Heap before GC invocations=4 (full 0):
 garbage-first heap   total 94208K, used 30201K [0x00000000a5200000, 0x0000000100000000)
  region size 1024K, 13 young (13312K), 5 survivors (5120K)
 Metaspace       used 34688K, capacity 35996K, committed 36048K, reserved 1081344K
  class space    used 4498K, capacity 5046K, committed 5068K, reserved 1048576K
}
Event: 9,166 GC heap after
{Heap after GC invocations=5 (full 0):
 garbage-first heap   total 94208K, used 24550K [0x00000000a5200000, 0x0000000100000000)
  region size 1024K, 2 young (2048K), 2 survivors (2048K)
 Metaspace       used 34688K, capacity 35996K, committed 36048K, reserved 1081344K
  class space    used 4498K, capacity 5046K, committed 5068K, reserved 1048576K
}

