# JRE version: Java(TM) SE Runtime Environment 18.9 (11.0.10+8) (build 11.0.10+8-LTS-162)
# Java VM: Java HotSpot(TM) 64-Bit Server VM 18.9 (11.0.10+8-LTS-162, mixed mode, tiered, compressed oops, g1 gc, linux-amd64)
Heap:
 garbage-first heap   total 94208K, used 35341K [0x00000000a5200000, 0x0000000100000000)
  region size 1024K, 14 young (14336K), 2 survivors (2048K)
 Metaspace       used 35814K, capacity 37331K, committed 37532K, reserved 1081344K
  class space    used 4651K, capacity 5296K, committed 5356K, reserved 1048576K
GC Heap History (8 events):
Event: 0,388 GC heap before
{Heap before GC invocations=0 (full 0):
 garbage-first heap   total 94208K, used 13312K [0x00000000a5200000, 0x0000000100000000)
  region size 1024K, 14 young (14336K), 0 survivors (0K)
 Metaspace       used 7347K, capacity 7514K, committed 7680K, reserved 1056768K
  class space    used 693K, capacity 768K, committed 768K, reserved 1048576K
}
Event: 0,391 GC heap after
{Heap after GC invocations=1 (full 0):
 garbage-first heap   total 94208K, used 1743K [0x00000000a5200000, 0x0000000100000000)
  region size 1024K, 2 young (2048K), 2 survivors (2048K)
 Metaspace       used 7347K, capacity 7514K, committed 7680K, reserved 1056768K
  class space    used 693K, capacity 768K, committed 768K, reserved 1048576K
}
Event: 1,844 GC heap before
{Heap before GC invocations=1 (full 0):
 garbage-first heap   total 94208K, used 53967K [0x00000000a5200000, 0x0000000100000000)
  region size 1024K, 46 young (47104K), 2 survivors (2048K)
 Metaspace       used 20493K, capacity 21208K, committed 21296K, reserved 1067008K
  class space    used 2594K, capacity 2916K, committed 2944K, reserved 1048576K
}
Event: 1,860 GC heap after
{Heap after GC invocations=2 (full 0):
 garbage-first heap   total 94208K, used 15727K [0x00000000a5200000, 0x0000000100000000)
  region size 1024K, 7 young (7168K), 7 survivors (7168K)
 Metaspace       used 20493K, capacity 21208K, committed 21296K, reserved 1067008K
  class space    used 2594K, capacity 2916K, committed 2944K, reserved 1048576K
}
Event: 13,481 GC heap before
{Heap before GC invocations=3 (full 0):
 garbage-first heap   total 94208K, used 52591K [0x00000000a5200000, 0x0000000100000000)
  region size 1024K, 41 young (41984K), 7 survivors (7168K)
 Metaspace       used 32812K, capacity 33889K, committed 34096K, reserved 1079296K
  class space    used 4166K, capacity 4617K, committed 4736K, reserved 1048576K
}
Event: 13,498 GC heap after
{Heap after GC invocations=4 (full 0):
 garbage-first heap   total 94208K, used 22277K [0x00000000a5200000, 0x0000000100000000)
  region size 1024K, 5 young (5120K), 5 survivors (5120K)
 Metaspace       used 32812K, capacity 33889K, committed 34096K, reserved 1079296K
  class space    used 4166K, capacity 4617K, committed 4736K, reserved 1048576K
}
Event: 13,856 GC heap before
{Heap before GC invocations=4 (full 0):
 garbage-first heap   total 94208K, used 33541K [0x00000000a5200000, 0x0000000100000000)
  region size 1024K, 17 young (17408K), 5 survivors (5120K)
 Metaspace       used 34561K, capacity 35757K, committed 35888K, reserved 1081344K
  class space    used 4430K, capacity 4961K, committed 4992K, reserved 1048576K
}
Event: 13,866 GC heap after
{Heap after GC invocations=5 (full 0):
 garbage-first heap   total 94208K, used 24077K [0x00000000a5200000, 0x0000000100000000)
  region size 1024K, 2 young (2048K), 2 survivors (2048K)
 Metaspace       used 34561K, capacity 35757K, committed 35888K, reserved 1081344K
  class space    used 4430K, capacity 4961K, committed 4992K, reserved 1048576K
}

