# JRE version: Java(TM) SE Runtime Environment 18.9 (11.0.10+8) (build 11.0.10+8-LTS-162)
# Java VM: Java HotSpot(TM) 64-Bit Server VM 18.9 (11.0.10+8-LTS-162, mixed mode, tiered, compressed oops, g1 gc, linux-amd64)
Heap:
 garbage-first heap   total 94208K, used 30572K [0x00000000a5200000, 0x0000000100000000)
  region size 1024K, 9 young (9216K), 2 survivors (2048K)
 Metaspace       used 35410K, capacity 36848K, committed 37224K, reserved 1081344K
  class space    used 4616K, capacity 5241K, committed 5356K, reserved 1048576K
GC Heap History (10 events):
Event: 0,420 GC heap before
{Heap before GC invocations=0 (full 0):
 garbage-first heap   total 94208K, used 13312K [0x00000000a5200000, 0x0000000100000000)
  region size 1024K, 14 young (14336K), 0 survivors (0K)
 Metaspace       used 7368K, capacity 7517K, committed 7680K, reserved 1056768K
  class space    used 693K, capacity 768K, committed 768K, reserved 1048576K
}
Event: 0,423 GC heap after
{Heap after GC invocations=1 (full 0):
 garbage-first heap   total 94208K, used 1741K [0x00000000a5200000, 0x0000000100000000)
  region size 1024K, 2 young (2048K), 2 survivors (2048K)
 Metaspace       used 7368K, capacity 7517K, committed 7680K, reserved 1056768K
  class space    used 693K, capacity 768K, committed 768K, reserved 1048576K
}
Event: 1,914 GC heap before
{Heap before GC invocations=1 (full 0):
 garbage-first heap   total 94208K, used 53965K [0x00000000a5200000, 0x0000000100000000)
  region size 1024K, 46 young (47104K), 2 survivors (2048K)
 Metaspace       used 20472K, capacity 21211K, committed 21296K, reserved 1067008K
  class space    used 2594K, capacity 2916K, committed 2944K, reserved 1048576K
}
Event: 1,924 GC heap after
{Heap after GC invocations=2 (full 0):
 garbage-first heap   total 94208K, used 15822K [0x00000000a5200000, 0x0000000100000000)
  region size 1024K, 7 young (7168K), 7 survivors (7168K)
 Metaspace       used 20472K, capacity 21211K, committed 21296K, reserved 1067008K
  class space    used 2594K, capacity 2916K, committed 2944K, reserved 1048576K
}
Event: 2,352 GC heap before
{Heap before GC invocations=3 (full 0):
 garbage-first heap   total 94208K, used 28110K [0x00000000a5200000, 0x0000000100000000)
  region size 1024K, 18 young (18432K), 7 survivors (7168K)
 Metaspace       used 23141K, capacity 23989K, committed 24112K, reserved 1071104K
  class space    used 3024K, capacity 3404K, committed 3456K, reserved 1048576K
}
Event: 2,367 GC heap after
{Heap after GC invocations=4 (full 0):
 garbage-first heap   total 94208K, used 19531K [0x00000000a5200000, 0x0000000100000000)
  region size 1024K, 2 young (2048K), 2 survivors (2048K)
 Metaspace       used 23141K, capacity 23989K, committed 24112K, reserved 1071104K
  class space    used 3024K, capacity 3404K, committed 3456K, reserved 1048576K
}
Event: 12,316 GC heap before
{Heap before GC invocations=4 (full 0):
 garbage-first heap   total 94208K, used 49227K [0x00000000a5200000, 0x0000000100000000)
  region size 1024K, 31 young (31744K), 2 survivors (2048K)
 Metaspace       used 33435K, capacity 34554K, committed 34608K, reserved 1079296K
  class space    used 4255K, capacity 4727K, committed 4736K, reserved 1048576K
}
Event: 12,332 GC heap after
{Heap after GC invocations=5 (full 0):
 garbage-first heap   total 94208K, used 22893K [0x00000000a5200000, 0x0000000100000000)
  region size 1024K, 4 young (4096K), 4 survivors (4096K)
 Metaspace       used 33435K, capacity 34554K, committed 34608K, reserved 1079296K
  class space    used 4255K, capacity 4727K, committed 4736K, reserved 1048576K
}
Event: 12,584 GC heap before
{Heap before GC invocations=5 (full 0):
 garbage-first heap   total 94208K, used 29037K [0x00000000a5200000, 0x0000000100000000)
  region size 1024K, 11 young (11264K), 4 survivors (4096K)
 Metaspace       used 34605K, capacity 35912K, committed 35920K, reserved 1081344K
  class space    used 4467K, capacity 5016K, committed 5024K, reserved 1048576K
}
Event: 12,595 GC heap after
{Heap after GC invocations=6 (full 0):
 garbage-first heap   total 94208K, used 24428K [0x00000000a5200000, 0x0000000100000000)
  region size 1024K, 2 young (2048K), 2 survivors (2048K)
 Metaspace       used 34605K, capacity 35912K, committed 35920K, reserved 1081344K
  class space    used 4467K, capacity 5016K, committed 5024K, reserved 1048576K
}

