# JRE version: Java(TM) SE Runtime Environment 18.9 (11.0.10+8) (build 11.0.10+8-LTS-162)
# Java VM: Java HotSpot(TM) 64-Bit Server VM 18.9 (11.0.10+8-LTS-162, mixed mode, tiered, compressed oops, g1 gc, linux-amd64)
Heap:
 garbage-first heap   total 94208K, used 35618K [0x00000000a5200000, 0x0000000100000000)
  region size 1024K, 14 young (14336K), 2 survivors (2048K)
 Metaspace       used 35666K, capacity 37201K, committed 37404K, reserved 1081344K
  class space    used 4651K, capacity 5296K, committed 5400K, reserved 1048576K
GC Heap History (8 events):
Event: 0,462 GC heap before
{Heap before GC invocations=0 (full 0):
 garbage-first heap   total 94208K, used 13312K [0x00000000a5200000, 0x0000000100000000)
  region size 1024K, 14 young (14336K), 0 survivors (0K)
 Metaspace       used 7377K, capacity 7517K, committed 7808K, reserved 1056768K
  class space    used 694K, capacity 769K, committed 896K, reserved 1048576K
}
Event: 0,466 GC heap after
{Heap after GC invocations=1 (full 0):
 garbage-first heap   total 94208K, used 1733K [0x00000000a5200000, 0x0000000100000000)
  region size 1024K, 2 young (2048K), 2 survivors (2048K)
 Metaspace       used 7377K, capacity 7517K, committed 7808K, reserved 1056768K
  class space    used 694K, capacity 769K, committed 896K, reserved 1048576K
}
Event: 1,974 GC heap before
{Heap before GC invocations=1 (full 0):
 garbage-first heap   total 94208K, used 53957K [0x00000000a5200000, 0x0000000100000000)
  region size 1024K, 46 young (47104K), 2 survivors (2048K)
 Metaspace       used 20534K, capacity 21211K, committed 21296K, reserved 1067008K
  class space    used 2604K, capacity 2917K, committed 2944K, reserved 1048576K
}
Event: 1,988 GC heap after
{Heap after GC invocations=2 (full 0):
 garbage-first heap   total 94208K, used 15536K [0x00000000a5200000, 0x0000000100000000)
  region size 1024K, 7 young (7168K), 7 survivors (7168K)
 Metaspace       used 20534K, capacity 21211K, committed 21296K, reserved 1067008K
  class space    used 2604K, capacity 2917K, committed 2944K, reserved 1048576K
}
Event: 10,690 GC heap before
{Heap before GC invocations=3 (full 0):
 garbage-first heap   total 94208K, used 59568K [0x00000000a5200000, 0x0000000100000000)
  region size 1024K, 49 young (50176K), 7 survivors (7168K)
 Metaspace       used 33927K, capacity 35158K, committed 35324K, reserved 1079296K
  class space    used 4349K, capacity 4845K, committed 4940K, reserved 1048576K
}
Event: 10,708 GC heap after
{Heap after GC invocations=4 (full 0):
 garbage-first heap   total 94208K, used 23242K [0x00000000a5200000, 0x0000000100000000)
  region size 1024K, 6 young (6144K), 6 survivors (6144K)
 Metaspace       used 33927K, capacity 35158K, committed 35324K, reserved 1079296K
  class space    used 4349K, capacity 4845K, committed 4940K, reserved 1048576K
}
Event: 10,840 GC heap before
{Heap before GC invocations=4 (full 0):
 garbage-first heap   total 94208K, used 27338K [0x00000000a5200000, 0x0000000100000000)
  region size 1024K, 11 young (11264K), 6 survivors (6144K)
 Metaspace       used 34745K, capacity 36026K, committed 36048K, reserved 1081344K
  class space    used 4506K, capacity 5055K, committed 5068K, reserved 1048576K
}
Event: 10,865 GC heap after
{Heap after GC invocations=5 (full 0):
 garbage-first heap   total 94208K, used 24354K [0x00000000a5200000, 0x0000000100000000)
  region size 1024K, 2 young (2048K), 2 survivors (2048K)
 Metaspace       used 34745K, capacity 36026K, committed 36048K, reserved 1081344K
  class space    used 4506K, capacity 5055K, committed 5068K, reserved 1048576K
}

