# JRE version: Java(TM) SE Runtime Environment 18.9 (11.0.10+8) (build 11.0.10+8-LTS-162)
# Java VM: Java HotSpot(TM) 64-Bit Server VM 18.9 (11.0.10+8-LTS-162, mixed mode, tiered, compressed oops, g1 gc, linux-amd64)
Heap:
 garbage-first heap   total 94208K, used 33389K [0x00000000a5200000, 0x0000000100000000)
  region size 1024K, 15 young (15360K), 5 survivors (5120K)
 Metaspace       used 35639K, capacity 37196K, committed 37276K, reserved 1081344K
  class space    used 4653K, capacity 5297K, committed 5324K, reserved 1048576K
GC Heap History (8 events):
Event: 0,441 GC heap before
{Heap before GC invocations=0 (full 0):
 garbage-first heap   total 94208K, used 13312K [0x00000000a5200000, 0x0000000100000000)
  region size 1024K, 14 young (14336K), 0 survivors (0K)
 Metaspace       used 7376K, capacity 7520K, committed 7808K, reserved 1056768K
  class space    used 694K, capacity 769K, committed 896K, reserved 1048576K
}
Event: 0,445 GC heap after
{Heap after GC invocations=1 (full 0):
 garbage-first heap   total 94208K, used 1467K [0x00000000a5200000, 0x0000000100000000)
  region size 1024K, 2 young (2048K), 2 survivors (2048K)
 Metaspace       used 7376K, capacity 7520K, committed 7808K, reserved 1056768K
  class space    used 694K, capacity 769K, committed 896K, reserved 1048576K
}
Event: 1,881 GC heap before
{Heap before GC invocations=1 (full 0):
 garbage-first heap   total 94208K, used 54715K [0x00000000a5200000, 0x0000000100000000)
  region size 1024K, 47 young (48128K), 2 survivors (2048K)
 Metaspace       used 20534K, capacity 21214K, committed 21296K, reserved 1067008K
  class space    used 2604K, capacity 2917K, committed 2944K, reserved 1048576K
}
Event: 1,891 GC heap after
{Heap after GC invocations=2 (full 0):
 garbage-first heap   total 94208K, used 15855K [0x00000000a5200000, 0x0000000100000000)
  region size 1024K, 7 young (7168K), 7 survivors (7168K)
 Metaspace       used 20534K, capacity 21214K, committed 21296K, reserved 1067008K
  class space    used 2604K, capacity 2917K, committed 2944K, reserved 1048576K
}
Event: 8,055 GC heap before
{Heap before GC invocations=3 (full 0):
 garbage-first heap   total 94208K, used 36335K [0x00000000a5200000, 0x0000000100000000)
  region size 1024K, 25 young (25600K), 7 survivors (7168K)
 Metaspace       used 27046K, capacity 28012K, committed 28156K, reserved 1073152K
  class space    used 3441K, capacity 3849K, committed 3916K, reserved 1048576K
}
Event: 8,070 GC heap after
{Heap after GC invocations=4 (full 0):
 garbage-first heap   total 94208K, used 20348K [0x00000000a5200000, 0x0000000100000000)
  region size 1024K, 3 young (3072K), 3 survivors (3072K)
 Metaspace       used 27046K, capacity 28012K, committed 28156K, reserved 1073152K
  class space    used 3441K, capacity 3849K, committed 3916K, reserved 1048576K
}
Event: 10,578 GC heap before
{Heap before GC invocations=4 (full 0):
 garbage-first heap   total 94208K, used 47996K [0x00000000a5200000, 0x0000000100000000)
  region size 1024K, 32 young (32768K), 3 survivors (3072K)
 Metaspace       used 34676K, capacity 35996K, committed 36048K, reserved 1081344K
  class space    used 4510K, capacity 5068K, committed 5068K, reserved 1048576K
}
Event: 10,594 GC heap after
{Heap after GC invocations=5 (full 0):
 garbage-first heap   total 94208K, used 24173K [0x00000000a5200000, 0x0000000100000000)
  region size 1024K, 5 young (5120K), 5 survivors (5120K)
 Metaspace       used 34676K, capacity 35996K, committed 36048K, reserved 1081344K
  class space    used 4510K, capacity 5068K, committed 5068K, reserved 1048576K
}

