# JRE version: Java(TM) SE Runtime Environment 18.9 (11.0.10+8) (build 11.0.10+8-LTS-162)
# Java VM: Java HotSpot(TM) 64-Bit Server VM 18.9 (11.0.10+8-LTS-162, mixed mode, tiered, compressed oops, g1 gc, linux-amd64)
Heap:
 garbage-first heap   total 94208K, used 34491K [0x00000000a5200000, 0x0000000100000000)
  region size 1024K, 13 young (13312K), 2 survivors (2048K)
 Metaspace       used 35696K, capacity 37170K, committed 37532K, reserved 1081344K
  class space    used 4650K, capacity 5265K, committed 5356K, reserved 1048576K
GC Heap History (8 events):
Event: 0,435 GC heap before
{Heap before GC invocations=0 (full 0):
 garbage-first heap   total 94208K, used 13312K [0x00000000a5200000, 0x0000000100000000)
  region size 1024K, 14 young (14336K), 0 survivors (0K)
 Metaspace       used 7343K, capacity 7514K, committed 7680K, reserved 1056768K
  class space    used 693K, capacity 768K, committed 768K, reserved 1048576K
}
Event: 0,437 GC heap after
{Heap after GC invocations=1 (full 0):
 garbage-first heap   total 94208K, used 1749K [0x00000000a5200000, 0x0000000100000000)
  region size 1024K, 2 young (2048K), 2 survivors (2048K)
 Metaspace       used 7343K, capacity 7514K, committed 7680K, reserved 1056768K
  class space    used 693K, capacity 768K, committed 768K, reserved 1048576K
}
Event: 2,065 GC heap before
{Heap before GC invocations=1 (full 0):
 garbage-first heap   total 94208K, used 54997K [0x00000000a5200000, 0x0000000100000000)
  region size 1024K, 47 young (48128K), 2 survivors (2048K)
 Metaspace       used 20515K, capacity 21211K, committed 21296K, reserved 1067008K
  class space    used 2597K, capacity 2917K, committed 2944K, reserved 1048576K
}
Event: 2,091 GC heap after
{Heap after GC invocations=2 (full 0):
 garbage-first heap   total 94208K, used 15782K [0x00000000a5200000, 0x0000000100000000)
  region size 1024K, 7 young (7168K), 7 survivors (7168K)
 Metaspace       used 20515K, capacity 21211K, committed 21296K, reserved 1067008K
  class space    used 2597K, capacity 2917K, committed 2944K, reserved 1048576K
}
Event: 8,920 GC heap before
{Heap before GC invocations=3 (full 0):
 garbage-first heap   total 94208K, used 56742K [0x00000000a5200000, 0x0000000100000000)
  region size 1024K, 45 young (46080K), 7 survivors (7168K)
 Metaspace       used 33303K, capacity 34409K, committed 34608K, reserved 1079296K
  class space    used 4226K, capacity 4702K, committed 4736K, reserved 1048576K
}
Event: 8,935 GC heap after
{Heap after GC invocations=4 (full 0):
 garbage-first heap   total 94208K, used 22582K [0x00000000a5200000, 0x0000000100000000)
  region size 1024K, 5 young (5120K), 5 survivors (5120K)
 Metaspace       used 33303K, capacity 34409K, committed 34608K, reserved 1079296K
  class space    used 4226K, capacity 4702K, committed 4736K, reserved 1048576K
}
Event: 9,193 GC heap before
{Heap before GC invocations=4 (full 0):
 garbage-first heap   total 94208K, used 29750K [0x00000000a5200000, 0x0000000100000000)
  region size 1024K, 13 young (13312K), 5 survivors (5120K)
 Metaspace       used 34603K, capacity 35915K, committed 35920K, reserved 1081344K
  class space    used 4469K, capacity 5019K, committed 5024K, reserved 1048576K
}
Event: 9,209 GC heap after
{Heap after GC invocations=5 (full 0):
 garbage-first heap   total 94208K, used 24251K [0x00000000a5200000, 0x0000000100000000)
  region size 1024K, 2 young (2048K), 2 survivors (2048K)
 Metaspace       used 34603K, capacity 35915K, committed 35920K, reserved 1081344K
  class space    used 4469K, capacity 5019K, committed 5024K, reserved 1048576K
}

