# JRE version: Java(TM) SE Runtime Environment 18.9 (11.0.10+8) (build 11.0.10+8-LTS-162)
# Java VM: Java HotSpot(TM) 64-Bit Server VM 18.9 (11.0.10+8-LTS-162, mixed mode, tiered, compressed oops, g1 gc, linux-amd64)
Heap:
 garbage-first heap   total 94208K, used 31669K [0x00000000a5200000, 0x0000000100000000)
  region size 1024K, 11 young (11264K), 3 survivors (3072K)
 Metaspace       used 35549K, capacity 37038K, committed 37244K, reserved 1081344K
  class space    used 4617K, capacity 5241K, committed 5324K, reserved 1048576K
GC Heap History (8 events):
Event: 0,453 GC heap before
{Heap before GC invocations=0 (full 0):
 garbage-first heap   total 94208K, used 13312K [0x00000000a5200000, 0x0000000100000000)
  region size 1024K, 14 young (14336K), 0 survivors (0K)
 Metaspace       used 7351K, capacity 7510K, committed 7680K, reserved 1056768K
  class space    used 693K, capacity 768K, committed 768K, reserved 1048576K
}
Event: 0,456 GC heap after
{Heap after GC invocations=1 (full 0):
 garbage-first heap   total 94208K, used 1722K [0x00000000a5200000, 0x0000000100000000)
  region size 1024K, 2 young (2048K), 2 survivors (2048K)
 Metaspace       used 7351K, capacity 7510K, committed 7680K, reserved 1056768K
  class space    used 693K, capacity 768K, committed 768K, reserved 1048576K
}
Event: 2,170 GC heap before
{Heap before GC invocations=1 (full 0):
 garbage-first heap   total 94208K, used 54970K [0x00000000a5200000, 0x0000000100000000)
  region size 1024K, 47 young (48128K), 2 survivors (2048K)
 Metaspace       used 20532K, capacity 21207K, committed 21296K, reserved 1067008K
  class space    used 2606K, capacity 2917K, committed 2944K, reserved 1048576K
}
Event: 2,185 GC heap after
{Heap after GC invocations=2 (full 0):
 garbage-first heap   total 94208K, used 15775K [0x00000000a5200000, 0x0000000100000000)
  region size 1024K, 7 young (7168K), 7 survivors (7168K)
 Metaspace       used 20532K, capacity 21207K, committed 21296K, reserved 1067008K
  class space    used 2606K, capacity 2917K, committed 2944K, reserved 1048576K
}
Event: 64,813 GC heap before
{Heap before GC invocations=3 (full 0):
 garbage-first heap   total 94208K, used 46495K [0x00000000a5200000, 0x0000000100000000)
  region size 1024K, 35 young (35840K), 7 survivors (7168K)
 Metaspace       used 30750K, capacity 31740K, committed 32124K, reserved 1077248K
  class space    used 3827K, capacity 4211K, committed 4300K, reserved 1048576K
}
Event: 64,833 GC heap after
{Heap after GC invocations=4 (full 0):
 garbage-first heap   total 94208K, used 21395K [0x00000000a5200000, 0x0000000100000000)
  region size 1024K, 4 young (4096K), 4 survivors (4096K)
 Metaspace       used 30750K, capacity 31740K, committed 32124K, reserved 1077248K
  class space    used 3827K, capacity 4211K, committed 4300K, reserved 1048576K
}
Event: 66,871 GC heap before
{Heap before GC invocations=4 (full 0):
 garbage-first heap   total 94208K, used 41875K [0x00000000a5200000, 0x0000000100000000)
  region size 1024K, 26 young (26624K), 4 survivors (4096K)
 Metaspace       used 34574K, capacity 35820K, committed 35964K, reserved 1081344K
  class space    used 4433K, capacity 4961K, committed 5068K, reserved 1048576K
}
Event: 66,894 GC heap after
{Heap after GC invocations=5 (full 0):
 garbage-first heap   total 94208K, used 24501K [0x00000000a5200000, 0x0000000100000000)
  region size 1024K, 3 young (3072K), 3 survivors (3072K)
 Metaspace       used 34574K, capacity 35820K, committed 35964K, reserved 1081344K
  class space    used 4433K, capacity 4961K, committed 5068K, reserved 1048576K
}

