# JRE version: Java(TM) SE Runtime Environment 18.9 (11.0.10+8) (build 11.0.10+8-LTS-162)
# Java VM: Java HotSpot(TM) 64-Bit Server VM 18.9 (11.0.10+8-LTS-162, mixed mode, tiered, compressed oops, g1 gc, linux-amd64)
Heap:
 garbage-first heap   total 94208K, used 29696K [0x00000000a5200000, 0x0000000100000000)
  region size 1024K, 10 young (10240K), 5 survivors (5120K)
 Metaspace       used 35639K, capacity 37098K, committed 37372K, reserved 1081344K
  class space    used 4652K, capacity 5264K, committed 5376K, reserved 1048576K
GC Heap History (8 events):
Event: 0,406 GC heap before
{Heap before GC invocations=0 (full 0):
 garbage-first heap   total 94208K, used 13312K [0x00000000a5200000, 0x0000000100000000)
  region size 1024K, 14 young (14336K), 0 survivors (0K)
 Metaspace       used 7361K, capacity 7513K, committed 7808K, reserved 1056768K
  class space    used 694K, capacity 769K, committed 896K, reserved 1048576K
}
Event: 0,411 GC heap after
{Heap after GC invocations=1 (full 0):
 garbage-first heap   total 94208K, used 1725K [0x00000000a5200000, 0x0000000100000000)
  region size 1024K, 2 young (2048K), 2 survivors (2048K)
 Metaspace       used 7361K, capacity 7513K, committed 7808K, reserved 1056768K
  class space    used 694K, capacity 769K, committed 896K, reserved 1048576K
}
Event: 1,847 GC heap before
{Heap before GC invocations=1 (full 0):
 garbage-first heap   total 94208K, used 53949K [0x00000000a5200000, 0x0000000100000000)
  region size 1024K, 46 young (47104K), 2 survivors (2048K)
 Metaspace       used 20478K, capacity 21269K, committed 21296K, reserved 1067008K
  class space    used 2602K, capacity 2917K, committed 2944K, reserved 1048576K
}
Event: 1,860 GC heap after
{Heap after GC invocations=2 (full 0):
 garbage-first heap   total 94208K, used 15806K [0x00000000a5200000, 0x0000000100000000)
  region size 1024K, 7 young (7168K), 7 survivors (7168K)
 Metaspace       used 20478K, capacity 21269K, committed 21296K, reserved 1067008K
  class space    used 2602K, capacity 2917K, committed 2944K, reserved 1048576K
}
Event: 6,209 GC heap before
{Heap before GC invocations=3 (full 0):
 garbage-first heap   total 94208K, used 38334K [0x00000000a5200000, 0x0000000100000000)
  region size 1024K, 27 young (27648K), 7 survivors (7168K)
 Metaspace       used 29141K, capacity 30072K, committed 30332K, reserved 1075200K
  class space    used 3702K, capacity 4110K, committed 4224K, reserved 1048576K
}
Event: 6,221 GC heap after
{Heap after GC invocations=4 (full 0):
 garbage-first heap   total 94208K, used 20511K [0x00000000a5200000, 0x0000000100000000)
  region size 1024K, 3 young (3072K), 3 survivors (3072K)
 Metaspace       used 29141K, capacity 30072K, committed 30332K, reserved 1075200K
  class space    used 3702K, capacity 4110K, committed 4224K, reserved 1048576K
}
Event: 8,388 GC heap before
{Heap before GC invocations=5 (full 0):
 garbage-first heap   total 94208K, used 53279K [0x00000000a5200000, 0x0000000100000000)
  region size 1024K, 35 young (35840K), 3 survivors (3072K)
 Metaspace       used 35447K, capacity 36872K, committed 37116K, reserved 1081344K
  class space    used 4636K, capacity 5252K, committed 5376K, reserved 1048576K
}
Event: 8,401 GC heap after
{Heap after GC invocations=6 (full 0):
 garbage-first heap   total 94208K, used 25600K [0x00000000a5200000, 0x0000000100000000)
  region size 1024K, 5 young (5120K), 5 survivors (5120K)
 Metaspace       used 35447K, capacity 36872K, committed 37116K, reserved 1081344K
  class space    used 4636K, capacity 5252K, committed 5376K, reserved 1048576K
}

