# JRE version: Java(TM) SE Runtime Environment 18.9 (11.0.10+8) (build 11.0.10+8-LTS-162)
# Java VM: Java HotSpot(TM) 64-Bit Server VM 18.9 (11.0.10+8-LTS-162, mixed mode, tiered, compressed oops, g1 gc, linux-amd64)
Heap:
 garbage-first heap   total 94208K, used 34816K [0x00000000a5200000, 0x0000000100000000)
  region size 1024K, 14 young (14336K), 3 survivors (3072K)
 Metaspace       used 35643K, capacity 37129K, committed 37276K, reserved 1081344K
  class space    used 4651K, capacity 5297K, committed 5408K, reserved 1048576K
GC Heap History (8 events):
Event: 0,432 GC heap before
{Heap before GC invocations=0 (full 0):
 garbage-first heap   total 94208K, used 13312K [0x00000000a5200000, 0x0000000100000000)
  region size 1024K, 14 young (14336K), 0 survivors (0K)
 Metaspace       used 7384K, capacity 7580K, committed 7808K, reserved 1056768K
  class space    used 695K, capacity 769K, committed 896K, reserved 1048576K
}
Event: 0,435 GC heap after
{Heap after GC invocations=1 (full 0):
 garbage-first heap   total 94208K, used 1755K [0x00000000a5200000, 0x0000000100000000)
  region size 1024K, 2 young (2048K), 2 survivors (2048K)
 Metaspace       used 7384K, capacity 7580K, committed 7808K, reserved 1056768K
  class space    used 695K, capacity 769K, committed 896K, reserved 1048576K
}
Event: 1,880 GC heap before
{Heap before GC invocations=1 (full 0):
 garbage-first heap   total 94208K, used 53979K [0x00000000a5200000, 0x0000000100000000)
  region size 1024K, 46 young (47104K), 2 survivors (2048K)
 Metaspace       used 20468K, capacity 21207K, committed 21296K, reserved 1067008K
  class space    used 2594K, capacity 2916K, committed 2944K, reserved 1048576K
}
Event: 1,891 GC heap after
{Heap after GC invocations=2 (full 0):
 garbage-first heap   total 94208K, used 15774K [0x00000000a5200000, 0x0000000100000000)
  region size 1024K, 7 young (7168K), 7 survivors (7168K)
 Metaspace       used 20468K, capacity 21207K, committed 21296K, reserved 1067008K
  class space    used 2594K, capacity 2916K, committed 2944K, reserved 1048576K
}
Event: 6,866 GC heap before
{Heap before GC invocations=3 (full 0):
 garbage-first heap   total 94208K, used 40350K [0x00000000a5200000, 0x0000000100000000)
  region size 1024K, 30 young (30720K), 7 survivors (7168K)
 Metaspace       used 30438K, capacity 31409K, committed 31536K, reserved 1077248K
  class space    used 3822K, capacity 4212K, committed 4224K, reserved 1048576K
}
Event: 6,884 GC heap after
{Heap after GC invocations=4 (full 0):
 garbage-first heap   total 94208K, used 21863K [0x00000000a5200000, 0x0000000100000000)
  region size 1024K, 4 young (4096K), 4 survivors (4096K)
 Metaspace       used 30438K, capacity 31409K, committed 31536K, reserved 1077248K
  class space    used 3822K, capacity 4212K, committed 4224K, reserved 1048576K
}
Event: 8,423 GC heap before
{Heap before GC invocations=4 (full 0):
 garbage-first heap   total 94208K, used 44391K [0x00000000a5200000, 0x0000000100000000)
  region size 1024K, 27 young (27648K), 4 survivors (4096K)
 Metaspace       used 34569K, capacity 35861K, committed 35920K, reserved 1081344K
  class space    used 4468K, capacity 5024K, committed 5024K, reserved 1048576K
}
Event: 8,439 GC heap after
{Heap after GC invocations=5 (full 0):
 garbage-first heap   total 94208K, used 24576K [0x00000000a5200000, 0x0000000100000000)
  region size 1024K, 3 young (3072K), 3 survivors (3072K)
 Metaspace       used 34569K, capacity 35861K, committed 35920K, reserved 1081344K
  class space    used 4468K, capacity 5024K, committed 5024K, reserved 1048576K
}

