# JRE version: Java(TM) SE Runtime Environment 18.9 (11.0.10+8) (build 11.0.10+8-LTS-162)
# Java VM: Java HotSpot(TM) 64-Bit Server VM 18.9 (11.0.10+8-LTS-162, mixed mode, tiered, compressed oops, g1 gc, linux-amd64)
Heap:
 garbage-first heap   total 94208K, used 35995K [0x00000000a5200000, 0x0000000100000000)
  region size 1024K, 14 young (14336K), 2 survivors (2048K)
 Metaspace       used 35653K, capacity 37132K, committed 37244K, reserved 1081344K
  class space    used 4652K, capacity 5296K, committed 5324K, reserved 1048576K
GC Heap History (8 events):
Event: 0,446 GC heap before
{Heap before GC invocations=0 (full 0):
 garbage-first heap   total 94208K, used 13312K [0x00000000a5200000, 0x0000000100000000)
  region size 1024K, 14 young (14336K), 0 survivors (0K)
 Metaspace       used 7384K, capacity 7584K, committed 7808K, reserved 1056768K
  class space    used 694K, capacity 769K, committed 896K, reserved 1048576K
}
Event: 0,449 GC heap after
{Heap after GC invocations=1 (full 0):
 garbage-first heap   total 94208K, used 1749K [0x00000000a5200000, 0x0000000100000000)
  region size 1024K, 2 young (2048K), 2 survivors (2048K)
 Metaspace       used 7384K, capacity 7584K, committed 7808K, reserved 1056768K
  class space    used 694K, capacity 769K, committed 896K, reserved 1048576K
}
Event: 1,980 GC heap before
{Heap before GC invocations=1 (full 0):
 garbage-first heap   total 94208K, used 53973K [0x00000000a5200000, 0x0000000100000000)
  region size 1024K, 46 young (47104K), 2 survivors (2048K)
 Metaspace       used 20534K, capacity 21214K, committed 21296K, reserved 1067008K
  class space    used 2603K, capacity 2917K, committed 2944K, reserved 1048576K
}
Event: 1,992 GC heap after
{Heap after GC invocations=2 (full 0):
 garbage-first heap   total 94208K, used 15801K [0x00000000a5200000, 0x0000000100000000)
  region size 1024K, 7 young (7168K), 7 survivors (7168K)
 Metaspace       used 20534K, capacity 21214K, committed 21296K, reserved 1067008K
  class space    used 2603K, capacity 2917K, committed 2944K, reserved 1048576K
}
Event: 9,856 GC heap before
{Heap before GC invocations=3 (full 0):
 garbage-first heap   total 94208K, used 54713K [0x00000000a5200000, 0x0000000100000000)
  region size 1024K, 44 young (45056K), 7 survivors (7168K)
 Metaspace       used 33221K, capacity 34341K, committed 34684K, reserved 1079296K
  class space    used 4225K, capacity 4702K, committed 4812K, reserved 1048576K
}
Event: 9,872 GC heap after
{Heap after GC invocations=4 (full 0):
 garbage-first heap   total 94208K, used 23072K [0x00000000a5200000, 0x0000000100000000)
  region size 1024K, 5 young (5120K), 5 survivors (5120K)
 Metaspace       used 33221K, capacity 34341K, committed 34684K, reserved 1079296K
  class space    used 4225K, capacity 4702K, committed 4812K, reserved 1048576K
}
Event: 10,157 GC heap before
{Heap before GC invocations=4 (full 0):
 garbage-first heap   total 94208K, used 31264K [0x00000000a5200000, 0x0000000100000000)
  region size 1024K, 14 young (14336K), 5 survivors (5120K)
 Metaspace       used 34612K, capacity 35920K, committed 35964K, reserved 1081344K
  class space    used 4486K, capacity 5043K, committed 5068K, reserved 1048576K
}
Event: 10,169 GC heap after
{Heap after GC invocations=5 (full 0):
 garbage-first heap   total 94208K, used 24731K [0x00000000a5200000, 0x0000000100000000)
  region size 1024K, 2 young (2048K), 2 survivors (2048K)
 Metaspace       used 34612K, capacity 35920K, committed 35964K, reserved 1081344K
  class space    used 4486K, capacity 5043K, committed 5068K, reserved 1048576K
}

