# JRE version: Java(TM) SE Runtime Environment 18.9 (11.0.10+8) (build 11.0.10+8-LTS-162)
# Java VM: Java HotSpot(TM) 64-Bit Server VM 18.9 (11.0.10+8-LTS-162, mixed mode, tiered, compressed oops, g1 gc, linux-amd64)
Heap:
 garbage-first heap   total 94208K, used 34714K [0x00000000a5200000, 0x0000000100000000)
  region size 1024K, 14 young (14336K), 3 survivors (3072K)
 Metaspace       used 35570K, capacity 37064K, committed 37276K, reserved 1081344K
  class space    used 4652K, capacity 5297K, committed 5408K, reserved 1048576K
GC Heap History (8 events):
Event: 0,405 GC heap before
{Heap before GC invocations=0 (full 0):
 garbage-first heap   total 94208K, used 13312K [0x00000000a5200000, 0x0000000100000000)
  region size 1024K, 14 young (14336K), 0 survivors (0K)
 Metaspace       used 7366K, capacity 7514K, committed 7680K, reserved 1056768K
  class space    used 693K, capacity 768K, committed 768K, reserved 1048576K
}
Event: 0,408 GC heap after
{Heap after GC invocations=1 (full 0):
 garbage-first heap   total 94208K, used 1741K [0x00000000a5200000, 0x0000000100000000)
  region size 1024K, 2 young (2048K), 2 survivors (2048K)
 Metaspace       used 7366K, capacity 7514K, committed 7680K, reserved 1056768K
  class space    used 693K, capacity 768K, committed 768K, reserved 1048576K
}
Event: 1,875 GC heap before
{Heap before GC invocations=1 (full 0):
 garbage-first heap   total 94208K, used 53965K [0x00000000a5200000, 0x0000000100000000)
  region size 1024K, 46 young (47104K), 2 survivors (2048K)
 Metaspace       used 20474K, capacity 21208K, committed 21296K, reserved 1067008K
  class space    used 2601K, capacity 2916K, committed 2944K, reserved 1048576K
}
Event: 1,886 GC heap after
{Heap after GC invocations=2 (full 0):
 garbage-first heap   total 94208K, used 15660K [0x00000000a5200000, 0x0000000100000000)
  region size 1024K, 7 young (7168K), 7 survivors (7168K)
 Metaspace       used 20474K, capacity 21208K, committed 21296K, reserved 1067008K
  class space    used 2601K, capacity 2916K, committed 2944K, reserved 1048576K
}
Event: 7,841 GC heap before
{Heap before GC invocations=3 (full 0):
 garbage-first heap   total 94208K, used 50476K [0x00000000a5200000, 0x0000000100000000)
  region size 1024K, 40 young (40960K), 7 survivors (7168K)
 Metaspace       used 32530K, capacity 33642K, committed 33968K, reserved 1079296K
  class space    used 4147K, capacity 4582K, committed 4608K, reserved 1048576K
}
Event: 7,859 GC heap after
{Heap after GC invocations=4 (full 0):
 garbage-first heap   total 94208K, used 22318K [0x00000000a5200000, 0x0000000100000000)
  region size 1024K, 5 young (5120K), 5 survivors (5120K)
 Metaspace       used 32530K, capacity 33642K, committed 33968K, reserved 1079296K
  class space    used 4147K, capacity 4582K, committed 4608K, reserved 1048576K
}
Event: 8,253 GC heap before
{Heap before GC invocations=4 (full 0):
 garbage-first heap   total 94208K, used 33582K [0x00000000a5200000, 0x0000000100000000)
  region size 1024K, 17 young (17408K), 5 survivors (5120K)
 Metaspace       used 34507K, capacity 35797K, committed 35920K, reserved 1081344K
  class space    used 4468K, capacity 5024K, committed 5024K, reserved 1048576K
}
Event: 8,261 GC heap after
{Heap after GC invocations=5 (full 0):
 garbage-first heap   total 94208K, used 24474K [0x00000000a5200000, 0x0000000100000000)
  region size 1024K, 3 young (3072K), 3 survivors (3072K)
 Metaspace       used 34507K, capacity 35797K, committed 35920K, reserved 1081344K
  class space    used 4468K, capacity 5024K, committed 5024K, reserved 1048576K
}

