# JRE version: Java(TM) SE Runtime Environment 18.9 (11.0.10+8) (build 11.0.10+8-LTS-162)
# Java VM: Java HotSpot(TM) 64-Bit Server VM 18.9 (11.0.10+8-LTS-162, mixed mode, tiered, compressed oops, g1 gc, linux-amd64)
Heap:
 garbage-first heap   total 94208K, used 34679K [0x00000000a5200000, 0x0000000100000000)
  region size 1024K, 14 young (14336K), 3 survivors (3072K)
 Metaspace       used 35667K, capacity 37202K, committed 37276K, reserved 1081344K
  class space    used 4651K, capacity 5297K, committed 5324K, reserved 1048576K
GC Heap History (8 events):
Event: 0,465 GC heap before
{Heap before GC invocations=0 (full 0):
 garbage-first heap   total 94208K, used 13312K [0x00000000a5200000, 0x0000000100000000)
  region size 1024K, 14 young (14336K), 0 survivors (0K)
 Metaspace       used 7364K, capacity 7517K, committed 7680K, reserved 1056768K
  class space    used 693K, capacity 768K, committed 768K, reserved 1048576K
}
Event: 0,468 GC heap after
{Heap after GC invocations=1 (full 0):
 garbage-first heap   total 94208K, used 1477K [0x00000000a5200000, 0x0000000100000000)
  region size 1024K, 2 young (2048K), 2 survivors (2048K)
 Metaspace       used 7364K, capacity 7517K, committed 7680K, reserved 1056768K
  class space    used 693K, capacity 768K, committed 768K, reserved 1048576K
}
Event: 2,104 GC heap before
{Heap before GC invocations=1 (full 0):
 garbage-first heap   total 94208K, used 53701K [0x00000000a5200000, 0x0000000100000000)
  region size 1024K, 46 young (47104K), 2 survivors (2048K)
 Metaspace       used 20530K, capacity 21214K, committed 21296K, reserved 1067008K
  class space    used 2598K, capacity 2917K, committed 2944K, reserved 1048576K
}
Event: 2,114 GC heap after
{Heap after GC invocations=2 (full 0):
 garbage-first heap   total 94208K, used 15620K [0x00000000a5200000, 0x0000000100000000)
  region size 1024K, 7 young (7168K), 7 survivors (7168K)
 Metaspace       used 20530K, capacity 21214K, committed 21296K, reserved 1067008K
  class space    used 2598K, capacity 2917K, committed 2944K, reserved 1048576K
}
Event: 8,946 GC heap before
{Heap before GC invocations=3 (full 0):
 garbage-first heap   total 94208K, used 50436K [0x00000000a5200000, 0x0000000100000000)
  region size 1024K, 40 young (40960K), 7 survivors (7168K)
 Metaspace       used 32579K, capacity 33621K, committed 33788K, reserved 1079296K
  class space    used 4158K, capacity 4614K, committed 4684K, reserved 1048576K
}
Event: 8,976 GC heap after
{Heap after GC invocations=4 (full 0):
 garbage-first heap   total 94208K, used 22172K [0x00000000a5200000, 0x0000000100000000)
  region size 1024K, 5 young (5120K), 5 survivors (5120K)
 Metaspace       used 32579K, capacity 33621K, committed 33788K, reserved 1079296K
  class space    used 4158K, capacity 4614K, committed 4684K, reserved 1048576K
}
Event: 9,524 GC heap before
{Heap before GC invocations=4 (full 0):
 garbage-first heap   total 94208K, used 34460K [0x00000000a5200000, 0x0000000100000000)
  region size 1024K, 18 young (18432K), 5 survivors (5120K)
 Metaspace       used 34711K, capacity 36002K, committed 36048K, reserved 1081344K
  class space    used 4509K, capacity 5068K, committed 5068K, reserved 1048576K
}
Event: 9,536 GC heap after
{Heap after GC invocations=5 (full 0):
 garbage-first heap   total 94208K, used 24439K [0x00000000a5200000, 0x0000000100000000)
  region size 1024K, 3 young (3072K), 3 survivors (3072K)
 Metaspace       used 34711K, capacity 36002K, committed 36048K, reserved 1081344K
  class space    used 4509K, capacity 5068K, committed 5068K, reserved 1048576K
}

