# JRE version: Java(TM) SE Runtime Environment 18.9 (11.0.10+8) (build 11.0.10+8-LTS-162)
# Java VM: Java HotSpot(TM) 64-Bit Server VM 18.9 (11.0.10+8-LTS-162, mixed mode, tiered, compressed oops, g1 gc, linux-amd64)
Heap:
 garbage-first heap   total 94208K, used 34511K [0x00000000a5200000, 0x0000000100000000)
  region size 1024K, 16 young (16384K), 5 survivors (5120K)
 Metaspace       used 35572K, capacity 37064K, committed 37328K, reserved 1081344K
  class space    used 4651K, capacity 5297K, committed 5408K, reserved 1048576K
GC Heap History (8 events):
Event: 0,455 GC heap before
{Heap before GC invocations=0 (full 0):
 garbage-first heap   total 94208K, used 13312K [0x00000000a5200000, 0x0000000100000000)
  region size 1024K, 14 young (14336K), 0 survivors (0K)
 Metaspace       used 7375K, capacity 7513K, committed 7680K, reserved 1056768K
  class space    used 693K, capacity 768K, committed 768K, reserved 1048576K
}
Event: 0,458 GC heap after
{Heap after GC invocations=1 (full 0):
 garbage-first heap   total 94208K, used 1755K [0x00000000a5200000, 0x0000000100000000)
  region size 1024K, 2 young (2048K), 2 survivors (2048K)
 Metaspace       used 7375K, capacity 7513K, committed 7680K, reserved 1056768K
  class space    used 693K, capacity 768K, committed 768K, reserved 1048576K
}
Event: 2,163 GC heap before
{Heap before GC invocations=1 (full 0):
 garbage-first heap   total 94208K, used 53979K [0x00000000a5200000, 0x0000000100000000)
  region size 1024K, 46 young (47104K), 2 survivors (2048K)
 Metaspace       used 20479K, capacity 21207K, committed 21296K, reserved 1067008K
  class space    used 2602K, capacity 2916K, committed 2944K, reserved 1048576K
}
Event: 2,181 GC heap after
{Heap after GC invocations=2 (full 0):
 garbage-first heap   total 94208K, used 15771K [0x00000000a5200000, 0x0000000100000000)
  region size 1024K, 7 young (7168K), 7 survivors (7168K)
 Metaspace       used 20479K, capacity 21207K, committed 21296K, reserved 1067008K
  class space    used 2602K, capacity 2916K, committed 2944K, reserved 1048576K
}
Event: 7,056 GC heap before
{Heap before GC invocations=3 (full 0):
 garbage-first heap   total 94208K, used 37275K [0x00000000a5200000, 0x0000000100000000)
  region size 1024K, 27 young (27648K), 7 survivors (7168K)
 Metaspace       used 28641K, capacity 29597K, committed 29872K, reserved 1075200K
  class space    used 3653K, capacity 4079K, committed 4096K, reserved 1048576K
}
Event: 7,067 GC heap after
{Heap after GC invocations=4 (full 0):
 garbage-first heap   total 94208K, used 20425K [0x00000000a5200000, 0x0000000100000000)
  region size 1024K, 3 young (3072K), 3 survivors (3072K)
 Metaspace       used 28641K, capacity 29597K, committed 29872K, reserved 1075200K
  class space    used 3653K, capacity 4079K, committed 4096K, reserved 1048576K
}
Event: 9,602 GC heap before
{Heap before GC invocations=4 (full 0):
 garbage-first heap   total 94208K, used 46025K [0x00000000a5200000, 0x0000000100000000)
  region size 1024K, 29 young (29696K), 3 survivors (3072K)
 Metaspace       used 34482K, capacity 35732K, committed 35920K, reserved 1081344K
  class space    used 4468K, capacity 5024K, committed 5024K, reserved 1048576K
}
Event: 9,617 GC heap after
{Heap after GC invocations=5 (full 0):
 garbage-first heap   total 94208K, used 24271K [0x00000000a5200000, 0x0000000100000000)
  region size 1024K, 5 young (5120K), 5 survivors (5120K)
 Metaspace       used 34482K, capacity 35732K, committed 35920K, reserved 1081344K
  class space    used 4468K, capacity 5024K, committed 5024K, reserved 1048576K
}

