# JRE version: Java(TM) SE Runtime Environment 18.9 (11.0.10+8) (build 11.0.10+8-LTS-162)
# Java VM: Java HotSpot(TM) 64-Bit Server VM 18.9 (11.0.10+8-LTS-162, mixed mode, tiered, compressed oops, g1 gc, linux-amd64)
Heap:
 garbage-first heap   total 94208K, used 33481K [0x00000000a5200000, 0x0000000100000000)
  region size 1024K, 11 young (11264K), 1 survivors (1024K)
 Metaspace       used 35612K, capacity 37069K, committed 37276K, reserved 1081344K
  class space    used 4651K, capacity 5297K, committed 5324K, reserved 1048576K
GC Heap History (8 events):
Event: 0,431 GC heap before
{Heap before GC invocations=0 (full 0):
 garbage-first heap   total 94208K, used 13312K [0x00000000a5200000, 0x0000000100000000)
  region size 1024K, 14 young (14336K), 0 survivors (0K)
 Metaspace       used 7381K, capacity 7577K, committed 7808K, reserved 1056768K
  class space    used 694K, capacity 769K, committed 896K, reserved 1048576K
}
Event: 0,435 GC heap after
{Heap after GC invocations=1 (full 0):
 garbage-first heap   total 94208K, used 1731K [0x00000000a5200000, 0x0000000100000000)
  region size 1024K, 2 young (2048K), 2 survivors (2048K)
 Metaspace       used 7381K, capacity 7577K, committed 7808K, reserved 1056768K
  class space    used 694K, capacity 769K, committed 896K, reserved 1048576K
}
Event: 1,803 GC heap before
{Heap before GC invocations=1 (full 0):
 garbage-first heap   total 94208K, used 53955K [0x00000000a5200000, 0x0000000100000000)
  region size 1024K, 46 young (47104K), 2 survivors (2048K)
 Metaspace       used 20467K, capacity 21204K, committed 21296K, reserved 1067008K
  class space    used 2602K, capacity 2916K, committed 2944K, reserved 1048576K
}
Event: 1,813 GC heap after
{Heap after GC invocations=2 (full 0):
 garbage-first heap   total 94208K, used 15505K [0x00000000a5200000, 0x0000000100000000)
  region size 1024K, 7 young (7168K), 7 survivors (7168K)
 Metaspace       used 20467K, capacity 21204K, committed 21296K, reserved 1067008K
  class space    used 2602K, capacity 2916K, committed 2944K, reserved 1048576K
}
Event: 8,179 GC heap before
{Heap before GC invocations=3 (full 0):
 garbage-first heap   total 94208K, used 60561K [0x00000000a5200000, 0x0000000100000000)
  region size 1024K, 49 young (50176K), 7 survivors (7168K)
 Metaspace       used 33864K, capacity 35024K, committed 35324K, reserved 1079296K
  class space    used 4349K, capacity 4845K, committed 4940K, reserved 1048576K
}
Event: 8,202 GC heap after
{Heap after GC invocations=4 (full 0):
 garbage-first heap   total 94208K, used 23554K [0x00000000a5200000, 0x0000000100000000)
  region size 1024K, 6 young (6144K), 6 survivors (6144K)
 Metaspace       used 33864K, capacity 35024K, committed 35324K, reserved 1079296K
  class space    used 4349K, capacity 4845K, committed 4940K, reserved 1048576K
}
Event: 8,300 GC heap before
{Heap before GC invocations=4 (full 0):
 garbage-first heap   total 94208K, used 27650K [0x00000000a5200000, 0x0000000100000000)
  region size 1024K, 11 young (11264K), 6 survivors (6144K)
 Metaspace       used 34692K, capacity 36001K, committed 36048K, reserved 1081344K
  class space    used 4513K, capacity 5068K, committed 5068K, reserved 1048576K
}
Event: 8,310 GC heap after
{Heap after GC invocations=5 (full 0):
 garbage-first heap   total 94208K, used 24265K [0x00000000a5200000, 0x0000000100000000)
  region size 1024K, 1 young (1024K), 1 survivors (1024K)
 Metaspace       used 34692K, capacity 36001K, committed 36048K, reserved 1081344K
  class space    used 4513K, capacity 5068K, committed 5068K, reserved 1048576K
}

