# JRE version: Java(TM) SE Runtime Environment 18.9 (11.0.10+8) (build 11.0.10+8-LTS-162)
# Java VM: Java HotSpot(TM) 64-Bit Server VM 18.9 (11.0.10+8-LTS-162, mixed mode, tiered, compressed oops, g1 gc, linux-amd64)
Heap:
 garbage-first heap   total 94208K, used 36738K [0x00000000a5200000, 0x0000000100000000)
  region size 1024K, 16 young (16384K), 3 survivors (3072K)
 Metaspace       used 35911K, capacity 37424K, committed 37660K, reserved 1081344K
  class space    used 4659K, capacity 5307K, committed 5324K, reserved 1048576K
GC Heap History (8 events):
Event: 0,432 GC heap before
{Heap before GC invocations=0 (full 0):
 garbage-first heap   total 94208K, used 13312K [0x00000000a5200000, 0x0000000100000000)
  region size 1024K, 14 young (14336K), 0 survivors (0K)
 Metaspace       used 7351K, capacity 7517K, committed 7808K, reserved 1056768K
  class space    used 695K, capacity 769K, committed 896K, reserved 1048576K
}
Event: 0,435 GC heap after
{Heap after GC invocations=1 (full 0):
 garbage-first heap   total 94208K, used 1740K [0x00000000a5200000, 0x0000000100000000)
  region size 1024K, 2 young (2048K), 2 survivors (2048K)
 Metaspace       used 7351K, capacity 7517K, committed 7808K, reserved 1056768K
  class space    used 695K, capacity 769K, committed 896K, reserved 1048576K
}
Event: 2,273 GC heap before
{Heap before GC invocations=1 (full 0):
 garbage-first heap   total 94208K, used 54988K [0x00000000a5200000, 0x0000000100000000)
  region size 1024K, 47 young (48128K), 2 survivors (2048K)
 Metaspace       used 20528K, capacity 21211K, committed 21296K, reserved 1067008K
  class space    used 2598K, capacity 2917K, committed 2944K, reserved 1048576K
}
Event: 2,283 GC heap after
{Heap after GC invocations=2 (full 0):
 garbage-first heap   total 94208K, used 15570K [0x00000000a5200000, 0x0000000100000000)
  region size 1024K, 7 young (7168K), 7 survivors (7168K)
 Metaspace       used 20528K, capacity 21211K, committed 21296K, reserved 1067008K
  class space    used 2598K, capacity 2917K, committed 2944K, reserved 1048576K
}
Event: 16,911 GC heap before
{Heap before GC invocations=3 (full 0):
 garbage-first heap   total 94208K, used 53458K [0x00000000a5200000, 0x0000000100000000)
  region size 1024K, 43 young (44032K), 7 survivors (7168K)
 Metaspace       used 33062K, capacity 34155K, committed 34300K, reserved 1079296K
  class space    used 4199K, capacity 4663K, committed 4684K, reserved 1048576K
}
Event: 16,928 GC heap after
{Heap after GC invocations=4 (full 0):
 garbage-first heap   total 94208K, used 22024K [0x00000000a5200000, 0x0000000100000000)
  region size 1024K, 5 young (5120K), 5 survivors (5120K)
 Metaspace       used 33062K, capacity 34155K, committed 34300K, reserved 1079296K
  class space    used 4199K, capacity 4663K, committed 4684K, reserved 1048576K
}
Event: 17,283 GC heap before
{Heap before GC invocations=4 (full 0):
 garbage-first heap   total 94208K, used 31240K [0x00000000a5200000, 0x0000000100000000)
  region size 1024K, 15 young (15360K), 5 survivors (5120K)
 Metaspace       used 34623K, capacity 35829K, committed 35964K, reserved 1081344K
  class space    used 4435K, capacity 4966K, committed 5068K, reserved 1048576K
}
Event: 17,298 GC heap after
{Heap after GC invocations=5 (full 0):
 garbage-first heap   total 94208K, used 24450K [0x00000000a5200000, 0x0000000100000000)
  region size 1024K, 3 young (3072K), 3 survivors (3072K)
 Metaspace       used 34623K, capacity 35829K, committed 35964K, reserved 1081344K
  class space    used 4435K, capacity 4966K, committed 5068K, reserved 1048576K
}

