# JRE version: Java(TM) SE Runtime Environment 18.9 (11.0.10+8) (build 11.0.10+8-LTS-162)
# Java VM: Java HotSpot(TM) 64-Bit Server VM 18.9 (11.0.10+8-LTS-162, mixed mode, tiered, compressed oops, g1 gc, linux-amd64)
Heap:
 garbage-first heap   total 94208K, used 30463K [0x00000000a5200000, 0x0000000100000000)
  region size 1024K, 10 young (10240K), 3 survivors (3072K)
 Metaspace       used 35390K, capacity 36853K, committed 37148K, reserved 1081344K
  class space    used 4626K, capacity 5245K, committed 5280K, reserved 1048576K
GC Heap History (8 events):
Event: 0,566 GC heap before
{Heap before GC invocations=0 (full 0):
 garbage-first heap   total 94208K, used 13312K [0x00000000a5200000, 0x0000000100000000)
  region size 1024K, 14 young (14336K), 0 survivors (0K)
 Metaspace       used 7367K, capacity 7514K, committed 7680K, reserved 1056768K
  class space    used 693K, capacity 768K, committed 768K, reserved 1048576K
}
Event: 0,569 GC heap after
{Heap after GC invocations=1 (full 0):
 garbage-first heap   total 94208K, used 1733K [0x00000000a5200000, 0x0000000100000000)
  region size 1024K, 2 young (2048K), 2 survivors (2048K)
 Metaspace       used 7367K, capacity 7514K, committed 7680K, reserved 1056768K
  class space    used 693K, capacity 768K, committed 768K, reserved 1048576K
}
Event: 2,236 GC heap before
{Heap before GC invocations=1 (full 0):
 garbage-first heap   total 94208K, used 54981K [0x00000000a5200000, 0x0000000100000000)
  region size 1024K, 47 young (48128K), 2 survivors (2048K)
 Metaspace       used 20527K, capacity 21211K, committed 21296K, reserved 1067008K
  class space    used 2597K, capacity 2917K, committed 2944K, reserved 1048576K
}
Event: 2,249 GC heap after
{Heap after GC invocations=2 (full 0):
 garbage-first heap   total 94208K, used 15626K [0x00000000a5200000, 0x0000000100000000)
  region size 1024K, 7 young (7168K), 7 survivors (7168K)
 Metaspace       used 20527K, capacity 21211K, committed 21296K, reserved 1067008K
  class space    used 2597K, capacity 2917K, committed 2944K, reserved 1048576K
}
Event: 9,087 GC heap before
{Heap before GC invocations=3 (full 0):
 garbage-first heap   total 94208K, used 51466K [0x00000000a5200000, 0x0000000100000000)
  region size 1024K, 41 young (41984K), 7 survivors (7168K)
 Metaspace       used 32740K, capacity 33870K, committed 34096K, reserved 1079296K
  class space    used 4190K, capacity 4652K, committed 4736K, reserved 1048576K
}
Event: 9,102 GC heap after
{Heap after GC invocations=4 (full 0):
 garbage-first heap   total 94208K, used 22278K [0x00000000a5200000, 0x0000000100000000)
  region size 1024K, 5 young (5120K), 5 survivors (5120K)
 Metaspace       used 32740K, capacity 33870K, committed 34096K, reserved 1079296K
  class space    used 4190K, capacity 4652K, committed 4736K, reserved 1048576K
}
Event: 9,609 GC heap before
{Heap before GC invocations=4 (full 0):
 garbage-first heap   total 94208K, used 32518K [0x00000000a5200000, 0x0000000100000000)
  region size 1024K, 16 young (16384K), 5 survivors (5120K)
 Metaspace       used 34554K, capacity 35870K, committed 35920K, reserved 1081344K
  class space    used 4478K, capacity 5024K, committed 5024K, reserved 1048576K
}
Event: 9,617 GC heap after
{Heap after GC invocations=5 (full 0):
 garbage-first heap   total 94208K, used 24319K [0x00000000a5200000, 0x0000000100000000)
  region size 1024K, 3 young (3072K), 3 survivors (3072K)
 Metaspace       used 34554K, capacity 35870K, committed 35920K, reserved 1081344K
  class space    used 4478K, capacity 5024K, committed 5024K, reserved 1048576K
}

