# JRE version: Java(TM) SE Runtime Environment 18.9 (11.0.10+8) (build 11.0.10+8-LTS-162)
# Java VM: Java HotSpot(TM) 64-Bit Server VM 18.9 (11.0.10+8-LTS-162, mixed mode, tiered, compressed oops, g1 gc, linux-amd64)
Heap:
 garbage-first heap   total 94208K, used 30198K [0x00000000a5200000, 0x0000000100000000)
  region size 1024K, 9 young (9216K), 2 survivors (2048K)
 Metaspace       used 35368K, capacity 36783K, committed 36988K, reserved 1081344K
  class space    used 4626K, capacity 5244K, committed 5324K, reserved 1048576K
GC Heap History (8 events):
Event: 0,450 GC heap before
{Heap before GC invocations=0 (full 0):
 garbage-first heap   total 94208K, used 13312K [0x00000000a5200000, 0x0000000100000000)
  region size 1024K, 14 young (14336K), 0 survivors (0K)
 Metaspace       used 7352K, capacity 7514K, committed 7680K, reserved 1056768K
  class space    used 693K, capacity 768K, committed 768K, reserved 1048576K
}
Event: 0,453 GC heap after
{Heap after GC invocations=1 (full 0):
 garbage-first heap   total 94208K, used 1742K [0x00000000a5200000, 0x0000000100000000)
  region size 1024K, 2 young (2048K), 2 survivors (2048K)
 Metaspace       used 7352K, capacity 7514K, committed 7680K, reserved 1056768K
  class space    used 693K, capacity 768K, committed 768K, reserved 1048576K
}
Event: 2,069 GC heap before
{Heap before GC invocations=1 (full 0):
 garbage-first heap   total 94208K, used 54990K [0x00000000a5200000, 0x0000000100000000)
  region size 1024K, 47 young (48128K), 2 survivors (2048K)
 Metaspace       used 20531K, capacity 21211K, committed 21296K, reserved 1067008K
  class space    used 2605K, capacity 2917K, committed 2944K, reserved 1048576K
}
Event: 2,079 GC heap after
{Heap after GC invocations=2 (full 0):
 garbage-first heap   total 94208K, used 15580K [0x00000000a5200000, 0x0000000100000000)
  region size 1024K, 7 young (7168K), 7 survivors (7168K)
 Metaspace       used 20531K, capacity 21211K, committed 21296K, reserved 1067008K
  class space    used 2605K, capacity 2917K, committed 2944K, reserved 1048576K
}
Event: 7,990 GC heap before
{Heap before GC invocations=3 (full 0):
 garbage-first heap   total 94208K, used 52444K [0x00000000a5200000, 0x0000000100000000)
  region size 1024K, 41 young (41984K), 7 survivors (7168K)
 Metaspace       used 32759K, capacity 33867K, committed 34044K, reserved 1079296K
  class space    used 4190K, capacity 4652K, committed 4684K, reserved 1048576K
}
Event: 8,008 GC heap after
{Heap after GC invocations=4 (full 0):
 garbage-first heap   total 94208K, used 22239K [0x00000000a5200000, 0x0000000100000000)
  region size 1024K, 5 young (5120K), 5 survivors (5120K)
 Metaspace       used 32759K, capacity 33867K, committed 34044K, reserved 1079296K
  class space    used 4190K, capacity 4652K, committed 4684K, reserved 1048576K
}
Event: 8,396 GC heap before
{Heap before GC invocations=4 (full 0):
 garbage-first heap   total 94208K, used 33503K [0x00000000a5200000, 0x0000000100000000)
  region size 1024K, 17 young (17408K), 5 survivors (5120K)
 Metaspace       used 34632K, capacity 35931K, committed 35964K, reserved 1081344K
  class space    used 4493K, capacity 5046K, committed 5068K, reserved 1048576K
}
Event: 8,410 GC heap after
{Heap after GC invocations=5 (full 0):
 garbage-first heap   total 94208K, used 24054K [0x00000000a5200000, 0x0000000100000000)
  region size 1024K, 2 young (2048K), 2 survivors (2048K)
 Metaspace       used 34632K, capacity 35931K, committed 35964K, reserved 1081344K
  class space    used 4493K, capacity 5046K, committed 5068K, reserved 1048576K
}

