# JRE version: Java(TM) SE Runtime Environment 18.9 (11.0.10+8) (build 11.0.10+8-LTS-162)
# Java VM: Java HotSpot(TM) 64-Bit Server VM 18.9 (11.0.10+8-LTS-162, mixed mode, tiered, compressed oops, g1 gc, linux-amd64)
Heap:
 garbage-first heap   total 94208K, used 33507K [0x00000000a5200000, 0x0000000100000000)
  region size 1024K, 12 young (12288K), 2 survivors (2048K)
 Metaspace       used 35589K, capacity 37128K, committed 37244K, reserved 1081344K
  class space    used 4651K, capacity 5296K, committed 5324K, reserved 1048576K
GC Heap History (8 events):
Event: 0,409 GC heap before
{Heap before GC invocations=0 (full 0):
 garbage-first heap   total 94208K, used 13312K [0x00000000a5200000, 0x0000000100000000)
  region size 1024K, 14 young (14336K), 0 survivors (0K)
 Metaspace       used 7348K, capacity 7517K, committed 7808K, reserved 1056768K
  class space    used 694K, capacity 769K, committed 896K, reserved 1048576K
}
Event: 0,412 GC heap after
{Heap after GC invocations=1 (full 0):
 garbage-first heap   total 94208K, used 1458K [0x00000000a5200000, 0x0000000100000000)
  region size 1024K, 2 young (2048K), 2 survivors (2048K)
 Metaspace       used 7348K, capacity 7517K, committed 7808K, reserved 1056768K
  class space    used 694K, capacity 769K, committed 896K, reserved 1048576K
}
Event: 1,847 GC heap before
{Heap before GC invocations=1 (full 0):
 garbage-first heap   total 94208K, used 54706K [0x00000000a5200000, 0x0000000100000000)
  region size 1024K, 47 young (48128K), 2 survivors (2048K)
 Metaspace       used 20534K, capacity 21211K, committed 21296K, reserved 1067008K
  class space    used 2603K, capacity 2917K, committed 2944K, reserved 1048576K
}
Event: 1,858 GC heap after
{Heap after GC invocations=2 (full 0):
 garbage-first heap   total 94208K, used 15584K [0x00000000a5200000, 0x0000000100000000)
  region size 1024K, 7 young (7168K), 7 survivors (7168K)
 Metaspace       used 20534K, capacity 21211K, committed 21296K, reserved 1067008K
  class space    used 2603K, capacity 2917K, committed 2944K, reserved 1048576K
}
Event: 7,649 GC heap before
{Heap before GC invocations=3 (full 0):
 garbage-first heap   total 94208K, used 54496K [0x00000000a5200000, 0x0000000100000000)
  region size 1024K, 43 young (44032K), 7 survivors (7168K)
 Metaspace       used 33009K, capacity 34115K, committed 34300K, reserved 1079296K
  class space    used 4205K, capacity 4652K, committed 4684K, reserved 1048576K
}
Event: 7,667 GC heap after
{Heap after GC invocations=4 (full 0):
 garbage-first heap   total 94208K, used 22308K [0x00000000a5200000, 0x0000000100000000)
  region size 1024K, 5 young (5120K), 5 survivors (5120K)
 Metaspace       used 33009K, capacity 34115K, committed 34300K, reserved 1079296K
  class space    used 4205K, capacity 4652K, committed 4684K, reserved 1048576K
}
Event: 8,029 GC heap before
{Heap before GC invocations=4 (full 0):
 garbage-first heap   total 94208K, used 31524K [0x00000000a5200000, 0x0000000100000000)
  region size 1024K, 15 young (15360K), 5 survivors (5120K)
 Metaspace       used 34568K, capacity 35852K, committed 35964K, reserved 1081344K
  class space    used 4486K, capacity 5043K, committed 5068K, reserved 1048576K
}
Event: 8,041 GC heap after
{Heap after GC invocations=5 (full 0):
 garbage-first heap   total 94208K, used 24291K [0x00000000a5200000, 0x0000000100000000)
  region size 1024K, 2 young (2048K), 2 survivors (2048K)
 Metaspace       used 34568K, capacity 35852K, committed 35964K, reserved 1081344K
  class space    used 4486K, capacity 5043K, committed 5068K, reserved 1048576K
}

