# JRE version: Java(TM) SE Runtime Environment 18.9 (11.0.10+8) (build 11.0.10+8-LTS-162)
# Java VM: Java HotSpot(TM) 64-Bit Server VM 18.9 (11.0.10+8-LTS-162, mixed mode, tiered, compressed oops, g1 gc, linux-amd64)
Heap:
 garbage-first heap   total 94208K, used 33517K [0x00000000a5200000, 0x0000000100000000)
  region size 1024K, 13 young (13312K), 3 survivors (3072K)
 Metaspace       used 35696K, capacity 37201K, committed 37404K, reserved 1081344K
  class space    used 4652K, capacity 5296K, committed 5400K, reserved 1048576K
GC Heap History (8 events):
Event: 0,401 GC heap before
{Heap before GC invocations=0 (full 0):
 garbage-first heap   total 94208K, used 13312K [0x00000000a5200000, 0x0000000100000000)
  region size 1024K, 14 young (14336K), 0 survivors (0K)
 Metaspace       used 7362K, capacity 7514K, committed 7680K, reserved 1056768K
  class space    used 693K, capacity 768K, committed 768K, reserved 1048576K
}
Event: 0,404 GC heap after
{Heap after GC invocations=1 (full 0):
 garbage-first heap   total 94208K, used 1731K [0x00000000a5200000, 0x0000000100000000)
  region size 1024K, 2 young (2048K), 2 survivors (2048K)
 Metaspace       used 7362K, capacity 7514K, committed 7680K, reserved 1056768K
  class space    used 693K, capacity 768K, committed 768K, reserved 1048576K
}
Event: 1,705 GC heap before
{Heap before GC invocations=1 (full 0):
 garbage-first heap   total 94208K, used 53955K [0x00000000a5200000, 0x0000000100000000)
  region size 1024K, 46 young (47104K), 2 survivors (2048K)
 Metaspace       used 20474K, capacity 21211K, committed 21296K, reserved 1067008K
  class space    used 2605K, capacity 2917K, committed 2944K, reserved 1048576K
}
Event: 1,716 GC heap after
{Heap after GC invocations=2 (full 0):
 garbage-first heap   total 94208K, used 15614K [0x00000000a5200000, 0x0000000100000000)
  region size 1024K, 7 young (7168K), 7 survivors (7168K)
 Metaspace       used 20474K, capacity 21211K, committed 21296K, reserved 1067008K
  class space    used 2605K, capacity 2917K, committed 2944K, reserved 1048576K
}
Event: 9,765 GC heap before
{Heap before GC invocations=3 (full 0):
 garbage-first heap   total 94208K, used 46334K [0x00000000a5200000, 0x0000000100000000)
  region size 1024K, 35 young (35840K), 7 survivors (7168K)
 Metaspace       used 31989K, capacity 33045K, committed 33404K, reserved 1079296K
  class space    used 4031K, capacity 4454K, committed 4556K, reserved 1048576K
}
Event: 9,778 GC heap after
{Heap after GC invocations=4 (full 0):
 garbage-first heap   total 94208K, used 21580K [0x00000000a5200000, 0x0000000100000000)
  region size 1024K, 4 young (4096K), 4 survivors (4096K)
 Metaspace       used 31989K, capacity 33045K, committed 33404K, reserved 1079296K
  class space    used 4031K, capacity 4454K, committed 4556K, reserved 1048576K
}
Event: 10,281 GC heap before
{Heap before GC invocations=4 (full 0):
 garbage-first heap   total 94208K, used 38988K [0x00000000a5200000, 0x0000000100000000)
  region size 1024K, 22 young (22528K), 4 survivors (4096K)
 Metaspace       used 34698K, capacity 35988K, committed 36048K, reserved 1081344K
  class space    used 4495K, capacity 5043K, committed 5068K, reserved 1048576K
}
Event: 10,301 GC heap after
{Heap after GC invocations=5 (full 0):
 garbage-first heap   total 94208K, used 24301K [0x00000000a5200000, 0x0000000100000000)
  region size 1024K, 3 young (3072K), 3 survivors (3072K)
 Metaspace       used 34698K, capacity 35988K, committed 36048K, reserved 1081344K
  class space    used 4495K, capacity 5043K, committed 5068K, reserved 1048576K
}

